2026-04-13 09:24:30,920 - INFO - 🚀 Aplicación TECU Dashboard iniciada
2026-04-13 09:25:19,029 - INFO - 🚀 Aplicación TECU Dashboard iniciada
2026-04-13 09:28:52,179 - INFO - 🚀 Aplicación TECU Dashboard iniciada
2026-04-13 09:34:04,948 - INFO - 🚀 Aplicación TECU Dashboard iniciada
2026-04-13 09:34:32,995 - INFO - 🚀 Aplicación TECU Dashboard iniciada
2026-04-13 09:34:43,542 - INFO - 🚀 Aplicación TECU Dashboard iniciada
2026-04-13 09:35:00,132 - INFO - 🚀 Aplicación TECU Dashboard iniciada
2026-04-13 09:37:19,329 - INFO - 🚀 Aplicación TECU Dashboard iniciada
2026-04-13 09:55:21,500 - INFO - 🚀 Aplicación TECU Dashboard iniciada
2026-04-13 09:55:21,585 - INFO - Iniciando carga de archivo: Seguimiento gestion despachos TECU 2026 Indicadores.xlsx
2026-04-13 09:55:23,435 - INFO - Hoja detectada: Base Ventas
2026-04-13 09:55:23,486 - INFO - Fila de encabezado detectada: 3
2026-04-13 09:55:23,568 - INFO - DataFrame cargado: 186 filas, 26 columnas
2026-04-13 09:55:23,588 - INFO - Procesamiento completado: 166 registros válidos
2026-04-13 09:55:27,532 - INFO - 🚀 Aplicación TECU Dashboard iniciada
2026-04-13 09:55:29,199 - INFO - 🚀 Aplicación TECU Dashboard iniciada
2026-04-13 10:16:12,054 - INFO - 🚀 Aplicación TECU Dashboard iniciada
2026-04-13 10:16:16,562 - INFO - 🚀 Aplicación TECU Dashboard iniciada
2026-04-13 10:16:16,647 - INFO - Iniciando carga de archivo: Seguimiento gestion despachos TECU 2026 Indicadores.xlsx
2026-04-13 10:16:16,696 - INFO - Hoja detectada: Base Ventas
2026-04-13 10:16:16,749 - INFO - Fila de encabezado detectada: 3
2026-04-13 10:16:16,839 - INFO - DataFrame cargado: 186 filas, 26 columnas
2026-04-13 10:16:16,860 - INFO - Procesamiento completado: 166 registros válidos
2026-04-13 10:16:41,640 - INFO - 🚀 Aplicación TECU Dashboard iniciada
2026-04-13 10:16:44,729 - INFO - 🚀 Aplicación TECU Dashboard iniciada
2026-04-13 10:18:25,636 - INFO - 🚀 Aplicación TECU Dashboard iniciada
2026-04-13 10:18:28,553 - INFO - 🚀 Aplicación TECU Dashboard iniciada
2026-04-13 11:49:15,327 - INFO - 🚀 Aplicación TECU Dashboard iniciada
2026-04-13 11:49:19,127 - INFO - 🚀 Aplicación TECU Dashboard iniciada
2026-04-13 11:49:19,214 - INFO - Iniciando carga de archivo: Seguimiento gestion despachos TECU 2026 Indicadores.xlsx
2026-04-13 11:49:19,262 - INFO - Hoja detectada: Base Ventas
2026-04-13 11:49:19,317 - INFO - Fila de encabezado detectada: 3
2026-04-13 11:49:19,412 - INFO - DataFrame cargado: 186 filas, 26 columnas
2026-04-13 11:49:19,432 - INFO - Procesamiento completado: 166 registros válidos
2026-04-13 11:58:02,852 - INFO - 🚀 Aplicación TECU Dashboard iniciada
2026-04-13 11:58:06,135 - INFO - 🚀 Aplicación TECU Dashboard iniciada
2026-04-13 11:58:10,088 - INFO - 🚀 Aplicación TECU Dashboard iniciada
2026-04-13 11:58:12,786 - INFO - 🚀 Aplicación TECU Dashboard iniciada
2026-04-13 11:58:57,860 - INFO - 🚀 Aplicación TECU Dashboard iniciada
2026-04-13 11:59:01,503 - INFO - 🚀 Aplicación TECU Dashboard iniciada
2026-04-13 11:59:02,613 - INFO - 🚀 Aplicación TECU Dashboard iniciada
2026-04-13 11:59:04,690 - INFO - 🚀 Aplicación TECU Dashboard iniciada
2026-04-13 12:03:44,622 - INFO - 🚀 Aplicación TECU Dashboard iniciada
2026-04-13 12:03:50,246 - INFO - 🚀 Aplicación TECU Dashboard iniciada
2026-04-13 12:03:53,372 - INFO - 🚀 Aplicación TECU Dashboard iniciada
2026-04-13 12:03:55,223 - INFO - 🚀 Aplicación TECU Dashboard iniciada
2026-04-13 12:07:22,072 - INFO - 🚀 Aplicación TECU Dashboard iniciada
2026-04-13 12:07:24,805 - INFO - 🚀 Aplicación TECU Dashboard iniciada
2026-04-13 12:07:27,710 - INFO - 🚀 Aplicación TECU Dashboard iniciada
2026-04-13 12:07:30,065 - INFO - 🚀 Aplicación TECU Dashboard iniciada
2026-04-13 12:09:46,685 - INFO - 🚀 Aplicación TECU Dashboard iniciada
2026-04-13 12:09:51,765 - INFO - 🚀 Aplicación TECU Dashboard iniciada
2026-04-13 12:09:55,555 - INFO - 🚀 Aplicación TECU Dashboard iniciada
2026-04-13 12:09:57,227 - INFO - 🚀 Aplicación TECU Dashboard iniciada
2026-04-13 12:11:58,494 - INFO - 🚀 Aplicación TECU Dashboard iniciada
2026-04-13 12:12:02,080 - INFO - 🚀 Aplicación TECU Dashboard iniciada
2026-04-13 12:12:13,087 - INFO - 🚀 Aplicación TECU Dashboard iniciada
2026-04-13 12:12:14,658 - INFO - 🚀 Aplicación TECU Dashboard iniciada
2026-04-13 12:12:44,196 - INFO - 🚀 Aplicación TECU Dashboard iniciada
2026-04-13 12:12:46,706 - INFO - 🚀 Aplicación TECU Dashboard iniciada
