2026-04-12 18:10:26,300 - INFO - 🚀 Aplicación TECU Dashboard iniciada
2026-04-12 18:10:41,835 - INFO - 🚀 Aplicación TECU Dashboard iniciada
2026-04-12 18:10:41,840 - INFO - Iniciando carga de archivo: Seguimiento gestion despachos TECU 2026 Indicadores.xlsx
2026-04-12 18:10:41,891 - INFO - Hoja detectada: Base Ventas
2026-04-12 18:10:41,949 - INFO - Fila de encabezado detectada: 3
2026-04-12 18:10:42,041 - INFO - DataFrame cargado: 186 filas, 26 columnas
2026-04-12 18:10:42,064 - INFO - Procesamiento completado: 166 registros válidos
2026-04-12 18:11:10,221 - INFO - 🚀 Aplicación TECU Dashboard iniciada
2026-04-12 18:29:42,152 - INFO - 🚀 Aplicación TECU Dashboard iniciada
2026-04-12 18:33:20,134 - INFO - 🚀 Aplicación TECU Dashboard iniciada
2026-04-12 18:34:17,969 - INFO - 🚀 Aplicación TECU Dashboard iniciada
2026-04-12 18:36:27,526 - INFO - 🚀 Aplicación TECU Dashboard iniciada
2026-04-12 18:38:57,662 - INFO - 🚀 Aplicación TECU Dashboard iniciada
2026-04-12 18:41:02,158 - INFO - 🚀 Aplicación TECU Dashboard iniciada
2026-04-12 18:41:41,065 - INFO - 🚀 Aplicación TECU Dashboard iniciada
2026-04-12 18:42:04,778 - INFO - 🚀 Aplicación TECU Dashboard iniciada
2026-04-12 18:43:08,646 - INFO - 🚀 Aplicación TECU Dashboard iniciada
2026-04-12 18:43:40,904 - INFO - 🚀 Aplicación TECU Dashboard iniciada
2026-04-12 18:44:42,137 - INFO - 🚀 Aplicación TECU Dashboard iniciada
2026-04-12 18:45:11,923 - INFO - 🚀 Aplicación TECU Dashboard iniciada
2026-04-12 18:45:58,223 - INFO - 🚀 Aplicación TECU Dashboard iniciada
2026-04-12 18:46:02,737 - INFO - 🚀 Aplicación TECU Dashboard iniciada
2026-04-12 18:48:22,672 - INFO - 🚀 Aplicación TECU Dashboard iniciada
2026-04-12 18:48:38,890 - INFO - 🚀 Aplicación TECU Dashboard iniciada
2026-04-12 18:49:20,020 - INFO - 🚀 Aplicación TECU Dashboard iniciada
2026-04-12 18:49:22,126 - INFO - 🚀 Aplicación TECU Dashboard iniciada
2026-04-12 18:49:28,757 - INFO - 🚀 Aplicación TECU Dashboard iniciada
2026-04-12 18:49:30,612 - INFO - 🚀 Aplicación TECU Dashboard iniciada
2026-04-12 19:06:39,151 - INFO - 🚀 Aplicación TECU Dashboard iniciada
2026-04-12 19:06:43,375 - INFO - 🚀 Aplicación TECU Dashboard iniciada
2026-04-12 19:07:46,619 - INFO - 🚀 Aplicación TECU Dashboard iniciada
2026-04-12 19:07:49,035 - INFO - 🚀 Aplicación TECU Dashboard iniciada
2026-04-12 19:17:09,173 - INFO - 🚀 Aplicación TECU Dashboard iniciada
2026-04-12 19:17:09,261 - INFO - Iniciando carga de archivo: Seguimiento gestion despachos TECU 2026 Indicadores.xlsx
2026-04-12 19:17:09,312 - INFO - Hoja detectada: Base Ventas
2026-04-12 19:17:09,364 - INFO - Fila de encabezado detectada: 3
2026-04-12 19:17:09,449 - INFO - DataFrame cargado: 186 filas, 26 columnas
2026-04-12 19:17:09,469 - INFO - Procesamiento completado: 166 registros válidos
2026-04-12 19:17:12,559 - INFO - 🚀 Aplicación TECU Dashboard iniciada
2026-04-12 20:47:11,541 - INFO - 🚀 Aplicación TECU Dashboard iniciada
2026-04-12 20:47:15,365 - INFO - 🚀 Aplicación TECU Dashboard iniciada
2026-04-12 20:47:15,449 - INFO - Iniciando carga de archivo: Seguimiento gestion despachos TECU 2026 Indicadores.xlsx
2026-04-12 20:47:15,500 - INFO - Hoja detectada: Base Ventas
2026-04-12 20:47:15,554 - INFO - Fila de encabezado detectada: 3
2026-04-12 20:47:15,641 - INFO - DataFrame cargado: 186 filas, 26 columnas
2026-04-12 20:47:15,660 - INFO - Procesamiento completado: 166 registros válidos
