2026-04-29 21:27:10,703 - INFO - 🚀 Aplicación TECU Dashboard iniciada
2026-04-29 21:27:15,328 - INFO - 🚀 Aplicación TECU Dashboard iniciada
2026-04-29 21:27:15,442 - INFO - Iniciando carga de archivo: Seguimiento gestion despachos TECU 2026 Indicadores.xlsx
2026-04-29 21:27:15,511 - INFO - Hoja detectada: Base Ventas
2026-04-29 21:27:15,591 - INFO - Fila de encabezado detectada: 3
2026-04-29 21:27:15,807 - INFO - DataFrame cargado: 440 filas, 26 columnas
2026-04-29 21:27:15,849 - INFO - Procesamiento completado: 284 registros válidos
2026-04-29 21:28:53,110 - INFO - 🚀 Aplicación TECU Dashboard iniciada
2026-04-29 21:28:56,570 - INFO - 🚀 Aplicación TECU Dashboard iniciada
2026-04-29 21:28:56,656 - INFO - Iniciando carga de archivo: Seguimiento gestion despachos TECU 2026 Indicadores.xlsx
2026-04-29 21:28:56,715 - INFO - Hoja detectada: Base Ventas
2026-04-29 21:28:56,770 - INFO - Fila de encabezado detectada: 3
2026-04-29 21:28:56,931 - INFO - DataFrame cargado: 440 filas, 26 columnas
2026-04-29 21:28:56,961 - INFO - Procesamiento completado: 284 registros válidos
2026-04-29 21:33:29,163 - INFO - 🚀 Aplicación TECU Dashboard iniciada
2026-04-29 21:33:32,804 - INFO - 🚀 Aplicación TECU Dashboard iniciada
2026-04-29 21:35:58,406 - INFO - 🚀 Aplicación TECU Dashboard iniciada
2026-04-29 21:36:02,201 - INFO - 🚀 Aplicación TECU Dashboard iniciada
2026-04-29 21:38:54,111 - INFO - 🚀 Aplicación TECU Dashboard iniciada
2026-04-29 21:38:57,818 - INFO - 🚀 Aplicación TECU Dashboard iniciada
2026-04-29 21:43:13,616 - INFO - 🚀 Aplicación TECU Dashboard iniciada
2026-04-29 21:43:16,956 - INFO - 🚀 Aplicación TECU Dashboard iniciada
2026-04-29 21:43:25,646 - INFO - 🚀 Aplicación TECU Dashboard iniciada
2026-04-29 21:43:27,740 - INFO - 🚀 Aplicación TECU Dashboard iniciada
2026-04-29 21:45:07,011 - INFO - 🚀 Aplicación TECU Dashboard iniciada
2026-04-29 21:45:11,079 - INFO - 🚀 Aplicación TECU Dashboard iniciada
2026-04-29 21:47:28,385 - INFO - 🚀 Aplicación TECU Dashboard iniciada
2026-04-29 21:47:32,326 - INFO - 🚀 Aplicación TECU Dashboard iniciada
2026-04-29 21:48:24,672 - INFO - 🚀 Aplicación TECU Dashboard iniciada
2026-04-29 21:48:28,027 - INFO - 🚀 Aplicación TECU Dashboard iniciada
2026-04-29 21:48:47,284 - INFO - 🚀 Aplicación TECU Dashboard iniciada
2026-04-29 21:48:51,473 - INFO - 🚀 Aplicación TECU Dashboard iniciada
2026-04-29 21:58:17,735 - INFO - 🚀 Aplicación TECU Dashboard iniciada
2026-04-29 21:58:45,300 - INFO - 🚀 Aplicación TECU Dashboard iniciada
2026-04-29 21:58:48,791 - INFO - 🚀 Aplicación TECU Dashboard iniciada
2026-04-29 22:07:31,518 - INFO - 🚀 Aplicación TECU Dashboard iniciada
2026-04-29 22:07:35,197 - INFO - 🚀 Aplicación TECU Dashboard iniciada
2026-04-29 22:07:35,280 - INFO - Iniciando carga de archivo: Seguimiento gestion despachos TECU 2026 Indicadores.xlsx
2026-04-29 22:07:35,330 - INFO - Hoja detectada: Base Ventas
2026-04-29 22:07:35,385 - INFO - Fila de encabezado detectada: 3
2026-04-29 22:07:35,536 - INFO - DataFrame cargado: 440 filas, 26 columnas
2026-04-29 22:07:35,562 - INFO - Procesamiento completado: 284 registros válidos
2026-04-29 22:11:49,716 - INFO - 🚀 Aplicación TECU Dashboard iniciada
2026-04-29 22:11:53,428 - INFO - 🚀 Aplicación TECU Dashboard iniciada
